<?xml version="1.0" encoding="UTF-8"?>
<!-- Generated by org.testng.reporters.JUnitReportReporter -->
<testsuite hostname="DESKTOP-QUEM6C1" failures="0" tests="5" name="BookStoreTestClasses.VerifyAddBookForm" time="3.201" errors="0" timestamp="2024-01-20T17:04:08 IST" skipped="0">
  <testcase classname="BookStoreTestClasses.VerifyAddBookForm" name="VerifyAddBookWithoutPrice" time="0.786"/>
  <system-out/>
  <testcase classname="BookStoreTestClasses.VerifyAddBookForm" name="VerifyAddBookWithTitleOnly" time="0.566"/>
  <system-out/>
  <testcase classname="BookStoreTestClasses.VerifyAddBookForm" name="VerifyAddBookFormWithAllFields" time="1.264"/>
  <system-out/>
  <testcase classname="BookStoreTestClasses.VerifyAddBookForm" name="verifyCancelButton" time="0.317"/>
  <system-out/>
  <testcase classname="BookStoreTestClasses.VerifyAddBookForm" name="verifyCloseButton" time="0.268"/>
  <system-out/>
</testsuite> <!-- BookStoreTestClasses.VerifyAddBookForm -->
