<?xml version="1.0" encoding="UTF-8"?>
<!-- Generated by org.testng.reporters.JUnitReportReporter -->
<testsuite hostname="DESKTOP-QUEM6C1" failures="0" tests="2" name="BookStoreTestClasses.VerifyHomePage" time="0.188" errors="0" timestamp="2024-01-20T17:04:08 IST" skipped="0">
  <testcase classname="BookStoreTestClasses.VerifyHomePage" name="VerifyAddBookButtonIsEnabled" time="0.126"/>
  <system-out/>
  <testcase classname="BookStoreTestClasses.VerifyHomePage" name="verifyBookStoreManagerTitle" time="0.062"/>
  <system-out/>
</testsuite> <!-- BookStoreTestClasses.VerifyHomePage -->
